<?xml version="1.0" encoding="UTF-8"?>
<!-- Generated by org.testng.reporters.JUnitReportReporter -->
<testsuite hostname="LAPTOP-1O685U7S" failures="0" tests="1" name="com.learnautomation.testcases.LoginTest" time="33.123" errors="0" timestamp="18 Oct 2023 15:00:13 GMT" skipped="0">
  <testcase classname="com.learnautomation.testcases.LoginTest" name="loginApp" time="33.123"/>
</testsuite> <!-- com.learnautomation.testcases.LoginTest -->
