<?xml version="1.0" encoding="UTF-8"?>
<!-- Generated by org.testng.reporters.JUnitReportReporter -->
<testsuite hostname="LAPTOP-1O685U7S" failures="0" tests="1" name="com.chargemiles.testcases.LoginTest" time="32.604" errors="0" timestamp="19 Oct 2023 09:10:53 GMT" skipped="0">
  <testcase classname="com.chargemiles.testcases.LoginTest" name="loginApp" time="32.604"/>
</testsuite> <!-- com.chargemiles.testcases.LoginTest -->
